running egg_info
writing ../build/rov_depth_sensor/rov_depth_sensor.egg-info/PKG-INFO
writing dependency_links to ../build/rov_depth_sensor/rov_depth_sensor.egg-info/dependency_links.txt
writing entry points to ../build/rov_depth_sensor/rov_depth_sensor.egg-info/entry_points.txt
writing requirements to ../build/rov_depth_sensor/rov_depth_sensor.egg-info/requires.txt
writing top-level names to ../build/rov_depth_sensor/rov_depth_sensor.egg-info/top_level.txt
reading manifest file '../build/rov_depth_sensor/rov_depth_sensor.egg-info/SOURCES.txt'
writing manifest file '../build/rov_depth_sensor/rov_depth_sensor.egg-info/SOURCES.txt'
running build
running build_py
copying rov_depth_sensor/mock_ms5837.py -> /home/xingyue/nuwave-rov/src/build/rov_depth_sensor/build/lib/rov_depth_sensor
running install
running install_lib
copying /home/xingyue/nuwave-rov/src/build/rov_depth_sensor/build/lib/rov_depth_sensor/mock_ms5837.py -> /home/xingyue/nuwave-rov/src/install/rov_depth_sensor/lib/python3.12/site-packages/rov_depth_sensor
byte-compiling /home/xingyue/nuwave-rov/src/install/rov_depth_sensor/lib/python3.12/site-packages/rov_depth_sensor/mock_ms5837.py to mock_ms5837.cpython-312.pyc
running install_data
running install_egg_info
removing '/home/xingyue/nuwave-rov/src/install/rov_depth_sensor/lib/python3.12/site-packages/rov_depth_sensor-0.0.0-py3.12.egg-info' (and everything under it)
Copying ../build/rov_depth_sensor/rov_depth_sensor.egg-info to /home/xingyue/nuwave-rov/src/install/rov_depth_sensor/lib/python3.12/site-packages/rov_depth_sensor-0.0.0-py3.12.egg-info
running install_scripts
Installing depth_sensor_node script to /home/xingyue/nuwave-rov/src/install/rov_depth_sensor/lib/rov_depth_sensor
Installing ms5837 script to /home/xingyue/nuwave-rov/src/install/rov_depth_sensor/lib/rov_depth_sensor
writing list of installed files to '/home/xingyue/nuwave-rov/src/build/rov_depth_sensor/install.log'
