running egg_info
creating ../build/rov_depth_sensor/rov_depth_sensor.egg-info
writing ../build/rov_depth_sensor/rov_depth_sensor.egg-info/PKG-INFO
writing dependency_links to ../build/rov_depth_sensor/rov_depth_sensor.egg-info/dependency_links.txt
writing entry points to ../build/rov_depth_sensor/rov_depth_sensor.egg-info/entry_points.txt
writing requirements to ../build/rov_depth_sensor/rov_depth_sensor.egg-info/requires.txt
writing top-level names to ../build/rov_depth_sensor/rov_depth_sensor.egg-info/top_level.txt
writing manifest file '../build/rov_depth_sensor/rov_depth_sensor.egg-info/SOURCES.txt'
reading manifest file '../build/rov_depth_sensor/rov_depth_sensor.egg-info/SOURCES.txt'
writing manifest file '../build/rov_depth_sensor/rov_depth_sensor.egg-info/SOURCES.txt'
running build
running build_py
creating /home/xingyue/nuwave-rov/src/build/rov_depth_sensor/build
creating /home/xingyue/nuwave-rov/src/build/rov_depth_sensor/build/lib
creating /home/xingyue/nuwave-rov/src/build/rov_depth_sensor/build/lib/rov_depth_sensor
copying rov_depth_sensor/depth_sensor.py -> /home/xingyue/nuwave-rov/src/build/rov_depth_sensor/build/lib/rov_depth_sensor
copying rov_depth_sensor/__init__.py -> /home/xingyue/nuwave-rov/src/build/rov_depth_sensor/build/lib/rov_depth_sensor
running install
running install_lib
creating /home/xingyue/nuwave-rov/src/install/rov_depth_sensor/lib/python3.12/site-packages/rov_depth_sensor
copying /home/xingyue/nuwave-rov/src/build/rov_depth_sensor/build/lib/rov_depth_sensor/depth_sensor.py -> /home/xingyue/nuwave-rov/src/install/rov_depth_sensor/lib/python3.12/site-packages/rov_depth_sensor
copying /home/xingyue/nuwave-rov/src/build/rov_depth_sensor/build/lib/rov_depth_sensor/__init__.py -> /home/xingyue/nuwave-rov/src/install/rov_depth_sensor/lib/python3.12/site-packages/rov_depth_sensor
byte-compiling /home/xingyue/nuwave-rov/src/install/rov_depth_sensor/lib/python3.12/site-packages/rov_depth_sensor/depth_sensor.py to depth_sensor.cpython-312.pyc
byte-compiling /home/xingyue/nuwave-rov/src/install/rov_depth_sensor/lib/python3.12/site-packages/rov_depth_sensor/__init__.py to __init__.cpython-312.pyc
running install_data
creating /home/xingyue/nuwave-rov/src/install/rov_depth_sensor/share/ament_index
creating /home/xingyue/nuwave-rov/src/install/rov_depth_sensor/share/ament_index/resource_index
creating /home/xingyue/nuwave-rov/src/install/rov_depth_sensor/share/ament_index/resource_index/packages
copying resource/rov_depth_sensor -> /home/xingyue/nuwave-rov/src/install/rov_depth_sensor/share/ament_index/resource_index/packages
copying package.xml -> /home/xingyue/nuwave-rov/src/install/rov_depth_sensor/share/rov_depth_sensor
running install_egg_info
Copying ../build/rov_depth_sensor/rov_depth_sensor.egg-info to /home/xingyue/nuwave-rov/src/install/rov_depth_sensor/lib/python3.12/site-packages/rov_depth_sensor-0.0.0-py3.12.egg-info
running install_scripts
Installing depth_sensor_node script to /home/xingyue/nuwave-rov/src/install/rov_depth_sensor/lib/rov_depth_sensor
Installing ms5837 script to /home/xingyue/nuwave-rov/src/install/rov_depth_sensor/lib/rov_depth_sensor
writing list of installed files to '/home/xingyue/nuwave-rov/src/build/rov_depth_sensor/install.log'
